0
1
2
3
4
5
6
7
8
9
10
11
12
13
14
15
16
17
18
19
20
21
22
23
24
25
26
27
28
29
30
31
32
33
34
35
36
37
38
39
40
41
42
43
44
45
46
47
48
49
50
51
52
53
54
55
56
57
58
59
60
61
62
63
64
65
66
67
68
69
70
71
72
73
74
now start pruning and parallel

0/20: 75 76 77 78 79 80 81 82 83 84 85 86 87 88 89 90 91 92 
1/20: 75 76 77 78 79 80 81 82 83 84 85 86 87 88 89 90 91 92 
2/20: 75 76 77 78 79 80 81 82 83 84 85 86 87 88 89 90 91 92 
3/20: 75 76 77 78 79 80 81 82 83 84 85 86 87 88 89 90 91 92 
4/20: 75 76 77 78 79 80 81 82 83 84 85 86 87 88 89 90 91 92 
5/20: 75 76 77 78 79 80 81 82 83 84 85 86 87 88 89 90 91 92 
6/20: 75 76 77 78 79 80 81 82 83 84 85 86 87 88 89 90 91 92 
7/20: 75 76 77 78 79 80 81 82 83 84 85 86 87 88 89 90 91 92 
8/20: 75 76 77 78 79 80 81 82 83 84 85 86 87 88 89 90 91 92 
9/20: 75 76 77 78 79 80 81 82 83 84 85 86 87 88 89 90 91 92 
10/20: 75 76 77 78 79 80 81 82 83 84 85 86 87 88 89 90 91 92 
11/20: 75 76 77 78 79 80 81 82 83 84 85 86 87 88 89 90 91 92 
12/20: 75 76 77 78 79 80 81 82 83 84 85 86 87 88 89 90 91 92 
13/20: 75 76 77 78 79 80 81 82 83 84 85 86 87 88 89 90 91 92 
14/20: 75 76 77 78 79 80 81 82 83 84 85 86 87 88 89 90 91 92 
15/20: 75 76 77 78 79 80 81 82 83 84 85 86 87 88 89 90 91 92 
16/20: 75 76 77 78 79 80 81 82 83 84 85 86 87 88 89 90 91 92 
17/20: 75 76 77 78 79 80 81 82 83 84 85 86 87 88 89 90 91 92 
18/20: 75 76 77 78 79 80 81 82 83 84 85 86 87 88 89 90 91 92 
19/20: 75 76 77 78 79 80 81 82 83 84 85 86 87 88 89 90 91 92 
total struct number:4038
total spend time:230.97708559036255
